{"level":"error","message":"Cannot read properties of undefined (reading 'startsWith')","metadata":{},"service":"user-service","timestamp":"2024-06-13 13:14:38"}
{"level":"error","message":"Cannot read properties of undefined (reading 'startsWith')","metadata":{},"service":"user-service","timestamp":"2024-06-13 13:16:54"}
{"level":"error","message":"Unexpected field","metadata":{"code":"LIMIT_UNEXPECTED_FILE","field":"pdfs","message":"Unexpected field","name":"MulterError","storageErrors":[]},"service":"user-service","timestamp":"2024-06-13 13:23:56"}
{"level":"error","message":"Unexpected field","metadata":{"code":"LIMIT_UNEXPECTED_FILE","field":"pdfs","message":"Unexpected field","name":"MulterError","storageErrors":[]},"service":"user-service","timestamp":"2024-06-13 13:25:22"}
{"level":"error","message":"Unexpected field","metadata":{"code":"LIMIT_UNEXPECTED_FILE","field":"pdfs","message":"Unexpected field","name":"MulterError","storageErrors":[]},"service":"user-service","timestamp":"2024-06-13 13:25:29"}
{"level":"error","message":"Cannot read properties of undefined (reading 'startsWith')","metadata":{},"service":"user-service","timestamp":"2024-06-13 13:32:11"}
{"level":"error","message":"Cannot read properties of undefined (reading 'startsWith')","metadata":{},"service":"user-service","timestamp":"2024-06-13 13:36:02"}
{"level":"error","message":"Cannot read properties of undefined (reading 'startsWith')","metadata":{},"service":"user-service","timestamp":"2024-06-13 13:36:02"}
{"level":"error","message":"Unexpected field","metadata":{"code":"LIMIT_UNEXPECTED_FILE","field":"PDF","message":"Unexpected field","name":"MulterError","storageErrors":[]},"service":"user-service","timestamp":"2024-06-13 13:36:12"}
{"level":"error","message":"Cannot read properties of undefined (reading 'startsWith')","metadata":{},"service":"user-service","timestamp":"2024-06-13 13:40:27"}
{"level":"error","message":"Cannot read properties of undefined (reading 'startsWith')","metadata":{},"service":"user-service","timestamp":"2024-06-13 13:40:27"}
{"level":"error","message":"Cannot read properties of undefined (reading 'startsWith')","metadata":{},"service":"user-service","timestamp":"2024-06-13 13:40:35"}
{"level":"error","message":"Cannot read properties of undefined (reading 'startsWith')","metadata":{},"service":"user-service","timestamp":"2024-06-13 13:40:36"}
{"level":"error","message":"Unexpected field","metadata":{"code":"LIMIT_UNEXPECTED_FILE","field":"PDF","message":"Unexpected field","name":"MulterError","storageErrors":[]},"service":"user-service","timestamp":"2024-06-13 13:40:45"}
{"level":"error","message":"Unexpected field","metadata":{"code":"LIMIT_UNEXPECTED_FILE","field":"PDF","message":"Unexpected field","name":"MulterError","storageErrors":[]},"service":"user-service","timestamp":"2024-06-13 13:40:51"}
{"level":"error","message":"Unexpected field","metadata":{"code":"LIMIT_UNEXPECTED_FILE","field":"PDF","message":"Unexpected field","name":"MulterError","storageErrors":[]},"service":"user-service","timestamp":"2024-06-13 13:45:56"}
{"level":"error","message":"Unexpected field","metadata":{"code":"LIMIT_UNEXPECTED_FILE","field":"PDF","message":"Unexpected field","name":"MulterError","storageErrors":[]},"service":"user-service","timestamp":"2024-06-13 13:45:56"}
{"level":"error","message":"Cannot read properties of undefined (reading 'startsWith')","metadata":{},"service":"user-service","timestamp":"2024-06-13 13:50:41"}
{"level":"error","message":"Cannot read properties of undefined (reading 'startsWith')","metadata":{},"service":"user-service","timestamp":"2024-06-13 13:57:39"}
{"level":"error","message":"Cannot read properties of undefined (reading 'startsWith')","metadata":{},"service":"user-service","timestamp":"2024-06-13 13:57:39"}
{"level":"error","message":"Unexpected field","metadata":{"code":"LIMIT_UNEXPECTED_FILE","field":"PDF","message":"Unexpected field","name":"MulterError","storageErrors":[]},"service":"user-service","timestamp":"2024-06-13 13:57:55"}
{"level":"error","message":"Unexpected field","metadata":{"code":"LIMIT_UNEXPECTED_FILE","field":"PDF","message":"Unexpected field","name":"MulterError","storageErrors":[]},"service":"user-service","timestamp":"2024-06-13 14:03:23"}
{"level":"error","message":"No token, authorization denied","service":"user-service","timestamp":"2024-06-13 14:19:23"}
{"level":"error","message":"No token, authorization denied","service":"user-service","timestamp":"2024-06-13 14:19:23"}
{"level":"error","message":"No token, authorization denied","service":"user-service","timestamp":"2024-06-13 14:20:17"}
{"level":"error","message":"No token, authorization denied","service":"user-service","timestamp":"2024-06-13 14:21:43"}
{"level":"error","message":"No token, authorization denied","service":"user-service","timestamp":"2024-06-13 14:22:43"}
{"level":"error","message":"No token, authorization denied","service":"user-service","timestamp":"2024-06-13 14:22:51"}
{"level":"error","message":"ENOENT: no such file or directory, open 'D:\\PDF-MERN\\files\\1718268782861The_Algorithm_Design_Manual_Steven_S_Ski.pdf'","metadata":{"code":"ENOENT","errno":-4058,"path":"D:\\PDF-MERN\\files\\1718268782861The_Algorithm_Design_Manual_Steven_S_Ski.pdf","storageErrors":[],"syscall":"open"},"service":"user-service","timestamp":"2024-06-13 14:23:02"}
{"level":"error","message":"ENOENT: no such file or directory, open 'D:\\PDF-MERN\\files\\1718268787887The_Algorithm_Design_Manual_Steven_S_Ski.pdf'","metadata":{"code":"ENOENT","errno":-4058,"path":"D:\\PDF-MERN\\files\\1718268787887The_Algorithm_Design_Manual_Steven_S_Ski.pdf","storageErrors":[],"syscall":"open"},"service":"user-service","timestamp":"2024-06-13 14:23:07"}
{"level":"error","message":"No token, authorization denied","service":"user-service","timestamp":"2024-06-13 14:28:32"}
{"level":"error","message":"No token, authorization denied","service":"user-service","timestamp":"2024-06-13 14:28:32"}
{"level":"error","message":"ENOENT: no such file or directory, open 'D:\\PDF-MERN\\files\\1718269125507M.Fowler et al - Refactoring - Improving the Design of Existing.pdf'","metadata":{"code":"ENOENT","errno":-4058,"path":"D:\\PDF-MERN\\files\\1718269125507M.Fowler et al - Refactoring - Improving the Design of Existing.pdf","storageErrors":[],"syscall":"open"},"service":"user-service","timestamp":"2024-06-13 14:28:45"}
{"level":"error","message":"No token, authorization denied","service":"user-service","timestamp":"2024-06-13 14:29:42"}
{"level":"error","message":"ENOENT: no such file or directory, open 'D:\\PDF-MERN\\files\\1718269212186M.Fowler et al - Refactoring - Improving the Design of Existing.pdf'","metadata":{"code":"ENOENT","errno":-4058,"path":"D:\\PDF-MERN\\files\\1718269212186M.Fowler et al - Refactoring - Improving the Design of Existing.pdf","storageErrors":[],"syscall":"open"},"service":"user-service","timestamp":"2024-06-13 14:30:12"}
{"level":"error","message":"ENOENT: no such file or directory, open 'D:\\PDF-MERN\\files\\1718269333923M.Fowler et al - Refactoring - Improving the Design of Existing.pdf'","metadata":{"code":"ENOENT","errno":-4058,"path":"D:\\PDF-MERN\\files\\1718269333923M.Fowler et al - Refactoring - Improving the Design of Existing.pdf","storageErrors":[],"syscall":"open"},"service":"user-service","timestamp":"2024-06-13 14:32:13"}
{"level":"error","message":"ENOENT: no such file or directory, open 'D:\\PDF-MERN\\files\\1718269466520M.Fowler et al - Refactoring - Improving the Design of Existing.pdf'","metadata":{"code":"ENOENT","errno":-4058,"path":"D:\\PDF-MERN\\files\\1718269466520M.Fowler et al - Refactoring - Improving the Design of Existing.pdf","storageErrors":[],"syscall":"open"},"service":"user-service","timestamp":"2024-06-13 14:34:26"}
{"level":"error","message":"No token, authorization denied","service":"user-service","timestamp":"2024-06-13 14:39:12"}
{"level":"error","message":"ENOENT: no such file or directory, open 'D:\\PDF-MERN\\files\\1718269757562M.Fowler et al - Refactoring - Improving the Design of Existing.pdf'","metadata":{"code":"ENOENT","errno":-4058,"path":"D:\\PDF-MERN\\files\\1718269757562M.Fowler et al - Refactoring - Improving the Design of Existing.pdf","storageErrors":[],"syscall":"open"},"service":"user-service","timestamp":"2024-06-13 14:39:17"}
{"level":"error","message":"Cannot read properties of undefined (reading 'startsWith')","metadata":{},"service":"user-service","timestamp":"2024-06-13 14:40:51"}
{"level":"error","message":"Cannot read properties of undefined (reading 'startsWith')","metadata":{},"service":"user-service","timestamp":"2024-06-13 14:46:05"}
{"level":"error","message":"Cannot read properties of undefined (reading 'startsWith')","metadata":{},"service":"user-service","timestamp":"2024-06-13 14:46:06"}
{"level":"error","message":"ObjectId is not defined","metadata":{},"service":"user-service","timestamp":"2024-06-14 02:02:50"}
{"level":"error","message":"ObjectId is not defined","metadata":{},"service":"user-service","timestamp":"2024-06-14 02:02:51"}
{"level":"error","message":"ObjectId is not defined","metadata":{},"service":"user-service","timestamp":"2024-06-14 02:16:44"}
{"level":"error","message":"ObjectId is not defined","metadata":{},"service":"user-service","timestamp":"2024-06-14 02:16:45"}
{"level":"error","message":"input must be a 24 character hex string, 12 byte Uint8Array, or an integer","metadata":{},"service":"user-service","timestamp":"2024-06-14 03:33:17"}
{"level":"error","message":"input must be a 24 character hex string, 12 byte Uint8Array, or an integer","metadata":{},"service":"user-service","timestamp":"2024-06-14 03:33:18"}
{"level":"error","message":"input must be a 24 character hex string, 12 byte Uint8Array, or an integer","metadata":{},"service":"user-service","timestamp":"2024-06-14 03:34:06"}
{"level":"error","message":"input must be a 24 character hex string, 12 byte Uint8Array, or an integer","metadata":{},"service":"user-service","timestamp":"2024-06-14 03:34:07"}
{"level":"error","message":"Token is not valid","metadata":{"expiredAt":"2024-06-13T22:44:01.000Z","message":"jwt expired","name":"TokenExpiredError"},"service":"user-service","timestamp":"2024-06-14 04:15:47"}
{"level":"error","message":"Token is not valid","metadata":{"expiredAt":"2024-06-13T22:44:01.000Z","message":"jwt expired","name":"TokenExpiredError"},"service":"user-service","timestamp":"2024-06-14 04:15:47"}
{"level":"error","message":"Token is not valid","metadata":{"expiredAt":"2024-06-13T22:44:01.000Z","message":"jwt expired","name":"TokenExpiredError"},"service":"user-service","timestamp":"2024-06-14 04:15:57"}
{"level":"error","message":"Token is not valid","metadata":{"expiredAt":"2024-06-13T22:44:01.000Z","message":"jwt expired","name":"TokenExpiredError"},"service":"user-service","timestamp":"2024-06-14 04:16:20"}
{"level":"error","message":"Token is not valid","metadata":{"expiredAt":"2024-06-13T22:44:01.000Z","message":"jwt expired","name":"TokenExpiredError"},"service":"user-service","timestamp":"2024-06-14 04:16:26"}
{"level":"error","message":"Token is not valid","metadata":{"expiredAt":"2024-06-13T22:44:01.000Z","message":"jwt expired","name":"TokenExpiredError"},"service":"user-service","timestamp":"2024-06-14 04:16:30"}
{"level":"error","message":"Token is not valid","metadata":{"expiredAt":"2024-06-13T22:44:01.000Z","message":"jwt expired","name":"TokenExpiredError"},"service":"user-service","timestamp":"2024-06-14 04:16:48"}
{"level":"error","message":"Token is not valid","metadata":{"expiredAt":"2024-06-13T22:44:01.000Z","message":"jwt expired","name":"TokenExpiredError"},"service":"user-service","timestamp":"2024-06-14 04:16:48"}
{"level":"error","message":"Token is not valid","metadata":{"expiredAt":"2024-06-13T22:44:01.000Z","message":"jwt expired","name":"TokenExpiredError"},"service":"user-service","timestamp":"2024-06-14 04:16:51"}
{"level":"error","message":"Token is not valid","metadata":{"expiredAt":"2024-06-13T22:44:01.000Z","message":"jwt expired","name":"TokenExpiredError"},"service":"user-service","timestamp":"2024-06-14 04:16:51"}
{"level":"error","message":"Token is not valid","metadata":{"expiredAt":"2024-06-13T22:44:01.000Z","message":"jwt expired","name":"TokenExpiredError"},"service":"user-service","timestamp":"2024-06-14 04:16:52"}
{"level":"error","message":"Token is not valid","metadata":{"expiredAt":"2024-06-13T22:44:01.000Z","message":"jwt expired","name":"TokenExpiredError"},"service":"user-service","timestamp":"2024-06-14 04:16:52"}
{"level":"error","message":"connect ETIMEDOUT 3.7.243.165:27017","metadata":{"connectionGeneration":0},"service":"user-service","timestamp":"2024-06-14 05:44:50"}
{"level":"error","message":"connect ETIMEDOUT 3.7.243.165:27017","metadata":{"connectionGeneration":0},"service":"user-service","timestamp":"2024-06-14 05:45:23"}
